<?xml version="1.0" encoding="UTF-8"?>
<!-- Generated by org.testng.reporters.JUnitReportReporter -->
<testsuite skipped="0" hostname="Manish1185" name="com.nyc.qa.testcases.HomePageTest" tests="4" failures="0" timestamp="25 Jul 2018 09:47:12 GMT" time="40.318" errors="0">
  <testcase name="verifyHomePageTitleTest" time="7.221" classname="com.nyc.qa.testcases.HomePageTest"/>
  <testcase name="verifyUserNameTest" time="7.030" classname="com.nyc.qa.testcases.HomePageTest"/>
  <testcase name="verifyDashboardLinkTest" time="12.899" classname="com.nyc.qa.testcases.HomePageTest"/>
  <testcase name="verifyClientsLinkTest" time="13.168" classname="com.nyc.qa.testcases.HomePageTest"/>
</testsuite> <!-- com.nyc.qa.testcases.HomePageTest -->
