<?xml version="1.0" encoding="UTF-8"?>
<!-- Generated by org.testng.reporters.JUnitReportReporter -->
<testsuite skipped="0" hostname="Manish1185" name="com.nyc.qa.testcases.LoginPageTest" tests="5" failures="0" timestamp="25 Jul 2018 09:47:12 GMT" time="30.211" errors="0">
  <testcase name="loginPageTitleTest" time="5.062" classname="com.nyc.qa.testcases.LoginPageTest"/>
  <testcase name="nycLogoImageTest" time="4.462" classname="com.nyc.qa.testcases.LoginPageTest"/>
  <testcase name="loginTest" time="6.780" classname="com.nyc.qa.testcases.LoginPageTest"/>
  <testcase name="loginWithUsersFromTestDataSheetTest" time="6.839" classname="com.nyc.qa.testcases.LoginPageTest"/>
  <testcase name="loginWithUsersFromTestDataSheetTest" time="7.068" classname="com.nyc.qa.testcases.LoginPageTest"/>
</testsuite> <!-- com.nyc.qa.testcases.LoginPageTest -->
