<?xml version="1.0" encoding="UTF-8"?>
<!-- Generated by org.testng.reporters.JUnitReportReporter -->
<testsuite skipped="0" hostname="Manish1185" name="com.nyc.qa.testcases.DashboardPageTest" tests="4" failures="0" timestamp="25 Jul 2018 09:47:12 GMT" time="61.472" errors="0">
  <testcase name="verifyShelterEntrantsCount" time="12.465" classname="com.nyc.qa.testcases.DashboardPageTest"/>
  <testcase name="verifyShelterExitsCountTest" time="12.356" classname="com.nyc.qa.testcases.DashboardPageTest"/>
  <testcase name="verifyclickOnDetailsEntrantButtonTest" time="18.272" classname="com.nyc.qa.testcases.DashboardPageTest"/>
  <testcase name="verifyclickOnDetailsExitsButtonTest" time="18.379" classname="com.nyc.qa.testcases.DashboardPageTest"/>
</testsuite> <!-- com.nyc.qa.testcases.DashboardPageTest -->
