<?xml version="1.0" encoding="UTF-8"?>
<!-- Generated by org.testng.reporters.JUnitReportReporter -->
<testsuite skipped="0" hostname="Manish1185" name="com.nyc.qa.testcases.DashboardPageTest" tests="4" failures="0" timestamp="25 Jul 2018 11:39:42 GMT" time="63.184" errors="0">
  <testcase name="verifyShelterEntrantsCount" time="12.944" classname="com.nyc.qa.testcases.DashboardPageTest"/>
  <testcase name="verifyShelterExitsCountTest" time="13.099" classname="com.nyc.qa.testcases.DashboardPageTest"/>
  <testcase name="verifyclickOnDetailsEntrantButtonTest" time="18.904" classname="com.nyc.qa.testcases.DashboardPageTest"/>
  <testcase name="verifyclickOnDetailsExitsButtonTest" time="18.237" classname="com.nyc.qa.testcases.DashboardPageTest"/>
</testsuite> <!-- com.nyc.qa.testcases.DashboardPageTest -->
