<?xml version="1.0" encoding="UTF-8"?>
<!-- Generated by org.testng.reporters.JUnitReportReporter -->
<testsuite skipped="0" hostname="Manish1185" name="com.nyc.qa.testcases.LoginPageTest" tests="5" failures="0" timestamp="25 Jul 2018 11:39:42 GMT" time="31.975" errors="0">
  <testcase name="loginPageTitleTest" time="4.880" classname="com.nyc.qa.testcases.LoginPageTest"/>
  <testcase name="nycLogoImageTest" time="4.666" classname="com.nyc.qa.testcases.LoginPageTest"/>
  <testcase name="loginTest" time="7.163" classname="com.nyc.qa.testcases.LoginPageTest"/>
  <testcase name="loginWithUsersFromTestDataSheetTest" time="7.171" classname="com.nyc.qa.testcases.LoginPageTest"/>
  <testcase name="loginWithUsersFromTestDataSheetTest" time="8.095" classname="com.nyc.qa.testcases.LoginPageTest"/>
</testsuite> <!-- com.nyc.qa.testcases.LoginPageTest -->
