<?xml version="1.0" encoding="UTF-8"?>
<!-- Generated by org.testng.reporters.JUnitReportReporter -->
<testsuite skipped="0" hostname="Manish1185" name="com.nyc.qa.testcases.HomePageTest" tests="4" failures="0" timestamp="25 Jul 2018 11:39:42 GMT" time="41.009" errors="0">
  <testcase name="verifyHomePageTitleTest" time="7.120" classname="com.nyc.qa.testcases.HomePageTest"/>
  <testcase name="verifyUserNameTest" time="7.367" classname="com.nyc.qa.testcases.HomePageTest"/>
  <testcase name="verifyDashboardLinkTest" time="13.114" classname="com.nyc.qa.testcases.HomePageTest"/>
  <testcase name="verifyClientsLinkTest" time="13.408" classname="com.nyc.qa.testcases.HomePageTest"/>
</testsuite> <!-- com.nyc.qa.testcases.HomePageTest -->
